2014-03-16 00:59:01 MSG -- Working directory D:\ospace\server
2014-03-16 00:59:01 MSG -- Configuration file var/config.ini
2014-03-16 00:59:01 MSG -- Using ruleset D:\ospace\server\res/rules/standard
2014-03-16 00:59:01 DBG -- Rules import - using path ['D:\\ospace\\server\\res/rules/standard']
2014-03-16 00:59:01 MSG -- Rules import succeeded
2014-03-16 00:59:01 DBG -- Checking file Asteroid.xml
2014-03-16 00:59:01 DBG -- Checking file Obsolete.xml
2014-03-16 00:59:01 DBG -- Checking file QDev-Bonus.xml
2014-03-16 00:59:01 DBG -- Checking file Setup.xml
2014-03-16 00:59:01 DBG -- Checking file TL1.xml
2014-03-16 00:59:01 DBG -- Checking file TL2.xml
2014-03-16 00:59:01 DBG -- Checking file TL3.xml
2014-03-16 00:59:01 DBG -- Checking file TL4.xml
2014-03-16 00:59:01 DBG -- Checking file TL5.xml
2014-03-16 00:59:01 DBG -- Checking file TL6.xml
2014-03-16 00:59:01 MSG -- Loading stored specifications from D:\ospace\server\res/rules/standard
2014-03-16 00:59:01 MSG -- There is 293 technologies
2014-03-16 00:59:01 DBG -- Cleaning up researchDisables
2014-03-16 00:59:01 DBG -- Cleaning up researchReqSRes
2014-03-16 00:59:01 DBG -- Cleaning up researchRequires
2014-03-16 00:59:01 DBG -- Cleaning up buildSRes
2014-03-16 00:59:01 DBG -- Cleaning up structWeapons
2014-03-16 00:59:01 DBG -- Cleaning up researchEnables
2014-03-16 00:59:01 DBG -- Importing IGE modules...
2014-03-16 00:59:02 MSG -- Runtime mode changed to True
2014-03-16 00:59:02 DBG -- Creating databases...
2014-03-16 00:59:02 MSG -- Opening database game_TESTING
2014-03-16 00:59:02 MSG -- Opening database accounts
2014-03-16 00:59:02 MSG -- Opening database messages
2014-03-16 00:59:02 MSG -- Initializing game 'TESTING'...
2014-03-16 00:59:02 DBG -- Initializing issue manager
2014-03-16 00:59:02 DBG -- Initializing client manager
2014-03-16 00:59:02 DBG -- Initializing message manager
2014-03-16 00:59:02 DBG -- Initializing game manager
2014-03-16 00:59:02 DBG -- Runtime mode True
2014-03-16 00:59:02 MSG -- Initialized. Starting server...
2014-03-16 00:59:02 MSG -- Using psyco with full acceleration
2014-03-16 01:00:00 DBG -- SCHEDULER Processing tick 2014-03-16 01:00:00
2014-03-16 01:00:00 DBG -- SCHEDULER CLEANUP 2014-03-16 01:05:00
2014-03-16 01:00:00 DBG -- SCHEDULER TURN:0 2014-03-17 00:00:00
2014-03-16 01:00:00 DBG -- SCHEDULER TURN:1 2014-03-16 02:00:00
2014-03-16 01:00:00 DBG -- SCHEDULER BACKUP 2014-03-16 12:30:00
2014-03-16 01:00:00 DBG -- SCHEDULER METAKEEPALIVE 2014-03-16 01:00:00
2014-03-16 01:00:00 MSG -- SCHEDULER METAKEEPALIVE Running action
2014-03-16 01:01:00 DBG -- SCHEDULER Processing tick 2014-03-16 01:01:00
2014-03-16 01:01:00 DBG -- SCHEDULER CLEANUP 2014-03-16 01:05:00
2014-03-16 01:01:00 DBG -- SCHEDULER TURN:0 2014-03-17 00:00:00
2014-03-16 01:01:00 DBG -- SCHEDULER TURN:1 2014-03-16 02:00:00
2014-03-16 01:01:00 DBG -- SCHEDULER BACKUP 2014-03-16 12:30:00
2014-03-16 01:01:00 DBG -- SCHEDULER METAKEEPALIVE 2014-03-16 01:01:00
2014-03-16 01:01:00 MSG -- SCHEDULER METAKEEPALIVE Running action
2014-03-16 01:02:00 DBG -- SCHEDULER Processing tick 2014-03-16 01:02:00
2014-03-16 01:02:00 DBG -- SCHEDULER CLEANUP 2014-03-16 01:05:00
2014-03-16 01:02:00 DBG -- SCHEDULER TURN:0 2014-03-17 00:00:00
2014-03-16 01:02:00 DBG -- SCHEDULER TURN:1 2014-03-16 02:00:00
2014-03-16 01:02:00 DBG -- SCHEDULER BACKUP 2014-03-16 12:30:00
2014-03-16 01:02:00 DBG -- SCHEDULER METAKEEPALIVE 2014-03-16 01:02:00
2014-03-16 01:02:00 MSG -- SCHEDULER METAKEEPALIVE Running action
2014-03-16 01:03:00 DBG -- SCHEDULER Processing tick 2014-03-16 01:03:00
2014-03-16 01:03:00 DBG -- SCHEDULER CLEANUP 2014-03-16 01:05:00
2014-03-16 01:03:00 DBG -- SCHEDULER TURN:0 2014-03-17 00:00:00
2014-03-16 01:03:00 DBG -- SCHEDULER TURN:1 2014-03-16 02:00:00
2014-03-16 01:03:00 DBG -- SCHEDULER BACKUP 2014-03-16 12:30:00
2014-03-16 01:03:01 DBG -- SCHEDULER METAKEEPALIVE 2014-03-16 01:03:00
2014-03-16 01:03:01 MSG -- SCHEDULER METAKEEPALIVE Running action
2014-03-16 01:04:00 DBG -- SCHEDULER Processing tick 2014-03-16 01:04:00
2014-03-16 01:04:00 DBG -- SCHEDULER CLEANUP 2014-03-16 01:05:00
2014-03-16 01:04:00 DBG -- SCHEDULER TURN:0 2014-03-17 00:00:00
2014-03-16 01:04:00 DBG -- SCHEDULER TURN:1 2014-03-16 02:00:00
2014-03-16 01:04:00 DBG -- SCHEDULER BACKUP 2014-03-16 12:30:00
2014-03-16 01:04:00 DBG -- SCHEDULER METAKEEPALIVE 2014-03-16 01:04:00
2014-03-16 01:04:00 MSG -- SCHEDULER METAKEEPALIVE Running action
2014-03-16 01:05:00 DBG -- SCHEDULER Processing tick 2014-03-16 01:05:00
2014-03-16 01:05:00 DBG -- SCHEDULER CLEANUP 2014-03-16 01:05:00
2014-03-16 01:05:00 MSG -- SCHEDULER CLEANUP Running action
2014-03-16 01:05:00 DBG -- cleaning up sessions
2014-03-16 01:05:00 DBG -- cleanup finished (0 active, 0 deleted)
2014-03-16 01:05:00 DBG -- SCHEDULER TURN:0 2014-03-17 00:00:00
2014-03-16 01:05:00 DBG -- SCHEDULER TURN:1 2014-03-16 02:00:00
2014-03-16 01:05:00 DBG -- SCHEDULER BACKUP 2014-03-16 12:30:00
2014-03-16 01:05:00 DBG -- SCHEDULER METAKEEPALIVE 2014-03-16 01:05:00
2014-03-16 01:05:00 MSG -- SCHEDULER METAKEEPALIVE Running action
2014-03-16 01:06:00 DBG -- SCHEDULER Processing tick 2014-03-16 01:06:00
2014-03-16 01:06:00 DBG -- SCHEDULER CLEANUP 2014-03-16 01:10:00
2014-03-16 01:06:00 DBG -- SCHEDULER TURN:0 2014-03-17 00:00:00
2014-03-16 01:06:00 DBG -- SCHEDULER TURN:1 2014-03-16 02:00:00
2014-03-16 01:06:00 DBG -- SCHEDULER BACKUP 2014-03-16 12:30:00
2014-03-16 01:06:00 DBG -- SCHEDULER METAKEEPALIVE 2014-03-16 01:06:00
2014-03-16 01:06:00 MSG -- SCHEDULER METAKEEPALIVE Running action
2014-03-16 01:07:00 DBG -- SCHEDULER Processing tick 2014-03-16 01:07:00
2014-03-16 01:07:00 DBG -- SCHEDULER CLEANUP 2014-03-16 01:10:00
2014-03-16 01:07:00 DBG -- SCHEDULER TURN:0 2014-03-17 00:00:00
2014-03-16 01:07:00 DBG -- SCHEDULER TURN:1 2014-03-16 02:00:00
2014-03-16 01:07:00 DBG -- SCHEDULER BACKUP 2014-03-16 12:30:00
2014-03-16 01:07:00 DBG -- SCHEDULER METAKEEPALIVE 2014-03-16 01:07:00
2014-03-16 01:07:00 MSG -- SCHEDULER METAKEEPALIVE Running action
2014-03-16 01:08:00 DBG -- SCHEDULER Processing tick 2014-03-16 01:08:00
2014-03-16 01:08:00 DBG -- SCHEDULER CLEANUP 2014-03-16 01:10:00
2014-03-16 01:08:00 DBG -- SCHEDULER TURN:0 2014-03-17 00:00:00
2014-03-16 01:08:00 DBG -- SCHEDULER TURN:1 2014-03-16 02:00:00
2014-03-16 01:08:00 DBG -- SCHEDULER BACKUP 2014-03-16 12:30:00
2014-03-16 01:08:00 DBG -- SCHEDULER METAKEEPALIVE 2014-03-16 01:08:00
2014-03-16 01:08:00 MSG -- SCHEDULER METAKEEPALIVE Running action
2014-03-16 01:09:00 DBG -- SCHEDULER Processing tick 2014-03-16 01:09:00
2014-03-16 01:09:00 DBG -- SCHEDULER CLEANUP 2014-03-16 01:10:00
2014-03-16 01:09:00 DBG -- SCHEDULER TURN:0 2014-03-17 00:00:00
2014-03-16 01:09:00 DBG -- SCHEDULER TURN:1 2014-03-16 02:00:00
2014-03-16 01:09:00 DBG -- SCHEDULER BACKUP 2014-03-16 12:30:00
2014-03-16 01:09:00 DBG -- SCHEDULER METAKEEPALIVE 2014-03-16 01:09:00
2014-03-16 01:09:00 MSG -- SCHEDULER METAKEEPALIVE Running action
2014-03-16 01:10:00 DBG -- SCHEDULER Processing tick 2014-03-16 01:10:00
2014-03-16 01:10:00 DBG -- SCHEDULER CLEANUP 2014-03-16 01:10:00
2014-03-16 01:10:00 MSG -- SCHEDULER CLEANUP Running action
2014-03-16 01:10:00 DBG -- cleaning up sessions
2014-03-16 01:10:00 DBG -- cleanup finished (0 active, 0 deleted)
2014-03-16 01:10:00 DBG -- SCHEDULER TURN:0 2014-03-17 00:00:00
2014-03-16 01:10:00 DBG -- SCHEDULER TURN:1 2014-03-16 02:00:00
2014-03-16 01:10:00 DBG -- SCHEDULER BACKUP 2014-03-16 12:30:00
2014-03-16 01:10:00 DBG -- SCHEDULER METAKEEPALIVE 2014-03-16 01:10:00
2014-03-16 01:10:00 MSG -- SCHEDULER METAKEEPALIVE Running action
2014-03-16 01:11:00 DBG -- SCHEDULER Processing tick 2014-03-16 01:11:00
2014-03-16 01:11:00 DBG -- SCHEDULER CLEANUP 2014-03-16 01:15:00
2014-03-16 01:11:00 DBG -- SCHEDULER TURN:0 2014-03-17 00:00:00
2014-03-16 01:11:00 DBG -- SCHEDULER TURN:1 2014-03-16 02:00:00
2014-03-16 01:11:00 DBG -- SCHEDULER BACKUP 2014-03-16 12:30:00
2014-03-16 01:11:00 DBG -- SCHEDULER METAKEEPALIVE 2014-03-16 01:11:00
2014-03-16 01:11:00 MSG -- SCHEDULER METAKEEPALIVE Running action
2014-03-16 01:12:00 DBG -- SCHEDULER Processing tick 2014-03-16 01:12:00
2014-03-16 01:12:00 DBG -- SCHEDULER CLEANUP 2014-03-16 01:15:00
2014-03-16 01:12:00 DBG -- SCHEDULER TURN:0 2014-03-17 00:00:00
2014-03-16 01:12:00 DBG -- SCHEDULER TURN:1 2014-03-16 02:00:00
2014-03-16 01:12:00 DBG -- SCHEDULER BACKUP 2014-03-16 12:30:00
2014-03-16 01:12:00 DBG -- SCHEDULER METAKEEPALIVE 2014-03-16 01:12:00
2014-03-16 01:12:00 MSG -- SCHEDULER METAKEEPALIVE Running action
2014-03-16 01:12:05 DBG -- OSClient/0.0.0a connected. User u'TestAccount'
2014-03-16 01:12:05 MSG -- Creating account TestAccount TestAccount test@test.test
2014-03-16 01:12:05 MSG -- Account created, confirmation token: ff0cc253738710704ca8f19780e5fc03
2014-03-16 01:12:23 DBG -- 562902d0 login 'TestAccount' hostid FILLMEWITHREALVALUE
2014-03-16 01:12:23 WAR -- Cannot complete RPC call
-------------------------------------------------------------------------------
Traceback (most recent call last):
  File "D:\ospace\server\lib\ige\RPCServer.py", line 58, in call
    packet.result, packet.messages = apply(callMap[intern(packet.method)], params)
KeyError: 'Alpha.execute'
-------------------------------------------------------------------------------
2014-03-16 01:13:00 DBG -- SCHEDULER Processing tick 2014-03-16 01:13:00
2014-03-16 01:13:00 DBG -- SCHEDULER CLEANUP 2014-03-16 01:15:00
2014-03-16 01:13:00 DBG -- SCHEDULER TURN:0 2014-03-17 00:00:00
2014-03-16 01:13:00 DBG -- SCHEDULER TURN:1 2014-03-16 02:00:00
2014-03-16 01:13:00 DBG -- SCHEDULER BACKUP 2014-03-16 12:30:00
2014-03-16 01:13:00 DBG -- SCHEDULER METAKEEPALIVE 2014-03-16 01:13:00
2014-03-16 01:13:00 MSG -- SCHEDULER METAKEEPALIVE Running action
2014-03-16 01:14:00 DBG -- SCHEDULER Processing tick 2014-03-16 01:14:00
2014-03-16 01:14:00 DBG -- SCHEDULER CLEANUP 2014-03-16 01:15:00
2014-03-16 01:14:00 DBG -- SCHEDULER TURN:0 2014-03-17 00:00:00
2014-03-16 01:14:00 DBG -- SCHEDULER TURN:1 2014-03-16 02:00:00
2014-03-16 01:14:00 DBG -- SCHEDULER BACKUP 2014-03-16 12:30:00
2014-03-16 01:14:00 DBG -- SCHEDULER METAKEEPALIVE 2014-03-16 01:14:00
2014-03-16 01:14:00 MSG -- SCHEDULER METAKEEPALIVE Running action
2014-03-16 01:15:00 DBG -- SCHEDULER Processing tick 2014-03-16 01:15:00
2014-03-16 01:15:00 DBG -- SCHEDULER CLEANUP 2014-03-16 01:15:00
2014-03-16 01:15:00 MSG -- SCHEDULER CLEANUP Running action
2014-03-16 01:15:00 DBG -- cleaning up sessions
2014-03-16 01:15:00 DBG -- cleanup finished (1 active, 0 deleted)
2014-03-16 01:15:00 DBG -- SCHEDULER TURN:0 2014-03-17 00:00:00
2014-03-16 01:15:00 DBG -- SCHEDULER TURN:1 2014-03-16 02:00:00
2014-03-16 01:15:00 DBG -- SCHEDULER BACKUP 2014-03-16 12:30:00
2014-03-16 01:15:00 DBG -- SCHEDULER METAKEEPALIVE 2014-03-16 01:15:00
2014-03-16 01:15:00 MSG -- SCHEDULER METAKEEPALIVE Running action
2014-03-16 01:15:49 DBG -- 562902d0 logout TestAccount
2014-03-16 01:16:33 DBG -- SCHEDULER Processing tick 2014-03-16 01:16:00
2014-03-16 01:16:33 DBG -- SCHEDULER CLEANUP 2014-03-16 01:20:00
2014-03-16 01:16:33 DBG -- SCHEDULER TURN:0 2014-03-17 00:00:00
2014-03-16 01:16:33 DBG -- SCHEDULER TURN:1 2014-03-16 02:00:00
2014-03-16 01:16:33 DBG -- SCHEDULER BACKUP 2014-03-16 12:30:00
2014-03-16 01:16:33 DBG -- SCHEDULER METAKEEPALIVE 2014-03-16 01:16:00
2014-03-16 01:16:33 MSG -- SCHEDULER METAKEEPALIVE Running action
2014-03-16 01:17:00 DBG -- SCHEDULER Processing tick 2014-03-16 01:17:00
2014-03-16 01:17:00 DBG -- SCHEDULER CLEANUP 2014-03-16 01:20:00
2014-03-16 01:17:00 DBG -- SCHEDULER TURN:0 2014-03-17 00:00:00
2014-03-16 01:17:00 DBG -- SCHEDULER TURN:1 2014-03-16 02:00:00
2014-03-16 01:17:00 DBG -- SCHEDULER BACKUP 2014-03-16 12:30:00
2014-03-16 01:17:00 DBG -- SCHEDULER METAKEEPALIVE 2014-03-16 01:17:00
2014-03-16 01:17:00 MSG -- SCHEDULER METAKEEPALIVE Running action
2014-03-16 01:17:23 DBG -- OSClient/0.0.0a [Work In Progress] connected. User 'TestAccount'
2014-03-16 01:17:23 DBG -- 249178e1 login 'TestAccount' hostid FILLMEWITHREALVALUE
2014-03-16 01:17:23 DBG -- execute 249178e1 1 getIntroInfo ()
2014-03-16 01:18:00 DBG -- SCHEDULER Processing tick 2014-03-16 01:18:00
2014-03-16 01:18:00 DBG -- SCHEDULER CLEANUP 2014-03-16 01:20:00
2014-03-16 01:18:00 DBG -- SCHEDULER TURN:0 2014-03-17 00:00:00
2014-03-16 01:18:00 DBG -- SCHEDULER TURN:1 2014-03-16 02:00:00
2014-03-16 01:18:00 DBG -- SCHEDULER BACKUP 2014-03-16 12:30:00
2014-03-16 01:18:00 DBG -- SCHEDULER METAKEEPALIVE 2014-03-16 01:18:00
2014-03-16 01:18:00 MSG -- SCHEDULER METAKEEPALIVE Running action
2014-03-16 01:19:00 DBG -- SCHEDULER Processing tick 2014-03-16 01:19:00
2014-03-16 01:19:00 DBG -- SCHEDULER CLEANUP 2014-03-16 01:20:00
2014-03-16 01:19:00 DBG -- SCHEDULER TURN:0 2014-03-17 00:00:00
2014-03-16 01:19:00 DBG -- SCHEDULER TURN:1 2014-03-16 02:00:00
2014-03-16 01:19:00 DBG -- SCHEDULER BACKUP 2014-03-16 12:30:00
2014-03-16 01:19:00 DBG -- SCHEDULER METAKEEPALIVE 2014-03-16 01:19:00
2014-03-16 01:19:00 MSG -- SCHEDULER METAKEEPALIVE Running action
2014-03-16 01:19:20 DBG -- 249178e1 logout TestAccount
2014-03-16 01:20:00 DBG -- SCHEDULER Processing tick 2014-03-16 01:20:00
2014-03-16 01:20:00 DBG -- SCHEDULER CLEANUP 2014-03-16 01:20:00
2014-03-16 01:20:00 MSG -- SCHEDULER CLEANUP Running action
2014-03-16 01:20:00 DBG -- cleaning up sessions
2014-03-16 01:20:00 DBG -- cleanup finished (0 active, 0 deleted)
2014-03-16 01:20:00 DBG -- SCHEDULER TURN:0 2014-03-17 00:00:00
2014-03-16 01:20:00 DBG -- SCHEDULER TURN:1 2014-03-16 02:00:00
2014-03-16 01:20:00 DBG -- SCHEDULER BACKUP 2014-03-16 12:30:00
2014-03-16 01:20:00 DBG -- SCHEDULER METAKEEPALIVE 2014-03-16 01:20:00
2014-03-16 01:20:00 MSG -- SCHEDULER METAKEEPALIVE Running action
2014-03-16 01:21:00 DBG -- SCHEDULER Processing tick 2014-03-16 01:21:00
2014-03-16 01:21:00 DBG -- SCHEDULER CLEANUP 2014-03-16 01:25:00
2014-03-16 01:21:00 DBG -- SCHEDULER TURN:0 2014-03-17 00:00:00
2014-03-16 01:21:00 DBG -- SCHEDULER TURN:1 2014-03-16 02:00:00
2014-03-16 01:21:00 DBG -- SCHEDULER BACKUP 2014-03-16 12:30:00
2014-03-16 01:21:00 DBG -- SCHEDULER METAKEEPALIVE 2014-03-16 01:21:00
2014-03-16 01:21:00 MSG -- SCHEDULER METAKEEPALIVE Running action
2014-03-16 01:22:01 DBG -- SCHEDULER Processing tick 2014-03-16 01:22:00
2014-03-16 01:22:01 DBG -- SCHEDULER CLEANUP 2014-03-16 01:25:00
2014-03-16 01:22:01 DBG -- SCHEDULER TURN:0 2014-03-17 00:00:00
2014-03-16 01:22:01 DBG -- SCHEDULER TURN:1 2014-03-16 02:00:00
2014-03-16 01:22:01 DBG -- SCHEDULER BACKUP 2014-03-16 12:30:00
2014-03-16 01:22:01 DBG -- SCHEDULER METAKEEPALIVE 2014-03-16 01:22:00
2014-03-16 01:22:01 MSG -- SCHEDULER METAKEEPALIVE Running action
2014-03-16 01:23:00 DBG -- SCHEDULER Processing tick 2014-03-16 01:23:00
2014-03-16 01:23:00 DBG -- SCHEDULER CLEANUP 2014-03-16 01:25:00
2014-03-16 01:23:00 DBG -- SCHEDULER TURN:0 2014-03-17 00:00:00
2014-03-16 01:23:00 DBG -- SCHEDULER TURN:1 2014-03-16 02:00:00
2014-03-16 01:23:00 DBG -- SCHEDULER BACKUP 2014-03-16 12:30:00
2014-03-16 01:23:00 DBG -- SCHEDULER METAKEEPALIVE 2014-03-16 01:23:00
2014-03-16 01:23:00 MSG -- SCHEDULER METAKEEPALIVE Running action
2014-03-16 01:24:00 DBG -- SCHEDULER Processing tick 2014-03-16 01:24:00
2014-03-16 01:24:00 DBG -- SCHEDULER CLEANUP 2014-03-16 01:25:00
2014-03-16 01:24:00 DBG -- SCHEDULER TURN:0 2014-03-17 00:00:00
2014-03-16 01:24:00 DBG -- SCHEDULER TURN:1 2014-03-16 02:00:00
2014-03-16 01:24:00 DBG -- SCHEDULER BACKUP 2014-03-16 12:30:00
2014-03-16 01:24:00 DBG -- SCHEDULER METAKEEPALIVE 2014-03-16 01:24:00
2014-03-16 01:24:00 MSG -- SCHEDULER METAKEEPALIVE Running action
2014-03-16 01:25:00 DBG -- SCHEDULER Processing tick 2014-03-16 01:25:00
2014-03-16 01:25:00 DBG -- SCHEDULER CLEANUP 2014-03-16 01:25:00
2014-03-16 01:25:00 MSG -- SCHEDULER CLEANUP Running action
2014-03-16 01:25:00 DBG -- cleaning up sessions
2014-03-16 01:25:00 DBG -- cleanup finished (0 active, 0 deleted)
2014-03-16 01:25:00 DBG -- SCHEDULER TURN:0 2014-03-17 00:00:00
2014-03-16 01:25:00 DBG -- SCHEDULER TURN:1 2014-03-16 02:00:00
2014-03-16 01:25:00 DBG -- SCHEDULER BACKUP 2014-03-16 12:30:00
2014-03-16 01:25:00 DBG -- SCHEDULER METAKEEPALIVE 2014-03-16 01:25:00
2014-03-16 01:25:00 MSG -- SCHEDULER METAKEEPALIVE Running action
2014-03-16 01:25:48 DBG -- OSClient/0.0.0a [Work In Progress] connected. User 'TestAccount'
2014-03-16 01:25:48 DBG -- 44460b18 login 'TestAccount' hostid FILLMEWITHREALVALUE
2014-03-16 01:25:48 DBG -- execute 44460b18 1 getIntroInfo ()
2014-03-16 01:26:00 DBG -- SCHEDULER Processing tick 2014-03-16 01:26:00
2014-03-16 01:26:00 DBG -- SCHEDULER CLEANUP 2014-03-16 01:30:00
2014-03-16 01:26:00 DBG -- SCHEDULER TURN:0 2014-03-17 00:00:00
2014-03-16 01:26:00 DBG -- SCHEDULER TURN:1 2014-03-16 02:00:00
2014-03-16 01:26:00 DBG -- SCHEDULER BACKUP 2014-03-16 12:30:00
2014-03-16 01:26:00 DBG -- SCHEDULER METAKEEPALIVE 2014-03-16 01:26:00
2014-03-16 01:26:00 MSG -- SCHEDULER METAKEEPALIVE Running action
2014-03-16 01:27:00 DBG -- SCHEDULER Processing tick 2014-03-16 01:27:00
2014-03-16 01:27:00 DBG -- SCHEDULER CLEANUP 2014-03-16 01:30:00
2014-03-16 01:27:00 DBG -- SCHEDULER TURN:0 2014-03-17 00:00:00
2014-03-16 01:27:00 DBG -- SCHEDULER TURN:1 2014-03-16 02:00:00
2014-03-16 01:27:00 DBG -- SCHEDULER BACKUP 2014-03-16 12:30:00
2014-03-16 01:27:00 DBG -- SCHEDULER METAKEEPALIVE 2014-03-16 01:27:00
2014-03-16 01:27:00 MSG -- SCHEDULER METAKEEPALIVE Running action
2014-03-16 01:28:00 DBG -- SCHEDULER Processing tick 2014-03-16 01:28:00
2014-03-16 01:28:00 DBG -- SCHEDULER CLEANUP 2014-03-16 01:30:00
2014-03-16 01:28:00 DBG -- SCHEDULER TURN:0 2014-03-17 00:00:00
2014-03-16 01:28:00 DBG -- SCHEDULER TURN:1 2014-03-16 02:00:00
2014-03-16 01:28:00 DBG -- SCHEDULER BACKUP 2014-03-16 12:30:00
2014-03-16 01:28:00 DBG -- SCHEDULER METAKEEPALIVE 2014-03-16 01:28:00
2014-03-16 01:28:00 MSG -- SCHEDULER METAKEEPALIVE Running action
2014-03-16 01:29:00 DBG -- SCHEDULER Processing tick 2014-03-16 01:29:00
2014-03-16 01:29:00 DBG -- SCHEDULER CLEANUP 2014-03-16 01:30:00
2014-03-16 01:29:00 DBG -- SCHEDULER TURN:0 2014-03-17 00:00:00
2014-03-16 01:29:00 DBG -- SCHEDULER TURN:1 2014-03-16 02:00:00
2014-03-16 01:29:00 DBG -- SCHEDULER BACKUP 2014-03-16 12:30:00
2014-03-16 01:29:00 DBG -- SCHEDULER METAKEEPALIVE 2014-03-16 01:29:00
2014-03-16 01:29:00 MSG -- SCHEDULER METAKEEPALIVE Running action
2014-03-16 01:30:00 DBG -- SCHEDULER Processing tick 2014-03-16 01:30:00
2014-03-16 01:30:00 DBG -- SCHEDULER CLEANUP 2014-03-16 01:30:00
2014-03-16 01:30:00 MSG -- SCHEDULER CLEANUP Running action
2014-03-16 01:30:00 DBG -- cleaning up sessions
2014-03-16 01:30:00 DBG -- cleanup finished (1 active, 0 deleted)
2014-03-16 01:30:00 DBG -- SCHEDULER TURN:0 2014-03-17 00:00:00
2014-03-16 01:30:00 DBG -- SCHEDULER TURN:1 2014-03-16 02:00:00
2014-03-16 01:30:00 DBG -- SCHEDULER BACKUP 2014-03-16 12:30:00
2014-03-16 01:30:00 DBG -- SCHEDULER METAKEEPALIVE 2014-03-16 01:30:00
2014-03-16 01:30:00 MSG -- SCHEDULER METAKEEPALIVE Running action
2014-03-16 01:31:00 DBG -- SCHEDULER Processing tick 2014-03-16 01:31:00
2014-03-16 01:31:00 DBG -- SCHEDULER CLEANUP 2014-03-16 01:35:00
2014-03-16 01:31:00 DBG -- SCHEDULER TURN:0 2014-03-17 00:00:00
2014-03-16 01:31:00 DBG -- SCHEDULER TURN:1 2014-03-16 02:00:00
2014-03-16 01:31:00 DBG -- SCHEDULER BACKUP 2014-03-16 12:30:00
2014-03-16 01:31:00 DBG -- SCHEDULER METAKEEPALIVE 2014-03-16 01:31:00
2014-03-16 01:31:00 MSG -- SCHEDULER METAKEEPALIVE Running action
2014-03-16 01:32:00 DBG -- SCHEDULER Processing tick 2014-03-16 01:32:00
2014-03-16 01:32:00 DBG -- SCHEDULER CLEANUP 2014-03-16 01:35:00
2014-03-16 01:32:00 DBG -- SCHEDULER TURN:0 2014-03-17 00:00:00
2014-03-16 01:32:00 DBG -- SCHEDULER TURN:1 2014-03-16 02:00:00
2014-03-16 01:32:00 DBG -- SCHEDULER BACKUP 2014-03-16 12:30:00
2014-03-16 01:32:00 DBG -- SCHEDULER METAKEEPALIVE 2014-03-16 01:32:00
2014-03-16 01:32:00 MSG -- SCHEDULER METAKEEPALIVE Running action
2014-03-16 01:33:00 DBG -- SCHEDULER Processing tick 2014-03-16 01:33:00
2014-03-16 01:33:00 DBG -- SCHEDULER CLEANUP 2014-03-16 01:35:00
2014-03-16 01:33:00 DBG -- SCHEDULER TURN:0 2014-03-17 00:00:00
2014-03-16 01:33:00 DBG -- SCHEDULER TURN:1 2014-03-16 02:00:00
2014-03-16 01:33:00 DBG -- SCHEDULER BACKUP 2014-03-16 12:30:00
2014-03-16 01:33:00 DBG -- SCHEDULER METAKEEPALIVE 2014-03-16 01:33:00
2014-03-16 01:33:00 MSG -- SCHEDULER METAKEEPALIVE Running action
2014-03-16 01:34:00 DBG -- SCHEDULER Processing tick 2014-03-16 01:34:00
2014-03-16 01:34:00 DBG -- SCHEDULER CLEANUP 2014-03-16 01:35:00
2014-03-16 01:34:00 DBG -- SCHEDULER TURN:0 2014-03-17 00:00:00
2014-03-16 01:34:00 DBG -- SCHEDULER TURN:1 2014-03-16 02:00:00
2014-03-16 01:34:00 DBG -- SCHEDULER BACKUP 2014-03-16 12:30:00
2014-03-16 01:34:00 DBG -- SCHEDULER METAKEEPALIVE 2014-03-16 01:34:00
2014-03-16 01:34:00 MSG -- SCHEDULER METAKEEPALIVE Running action
